<?xml version="1.0" encoding="UTF-8"?>
<!-- Generated by org.testng.reporters.JUnitReportReporter -->
<testsuite hostname="LAP121-ABHIJEET" failures="0" tests="2" name="Open" time="0.014" errors="0" timestamp="2024-06-19T19:35:21 IST" skipped="0">
  <testcase classname="Open" name="testSubtraction" time="0.001"/>
  <testcase classname="Open" name="testAddition" time="0.013"/>
</testsuite> <!-- Open -->
